<?xml version="1.0" encoding="UTF-8"?>
<!-- Generated by org.testng.reporters.JUnitReportReporter -->
<testsuite hostname="DESKTOP-SP01ONG" failures="0" tests="3" name="com.SwagLabs.TestCases.AddToCartPageTest" time="0.001" errors="1" timestamp="2023-07-30T15:11:28 IST" skipped="2">
  <testcase classname="com.SwagLabs.TestCases.AddToCartPageTest" name="pageSetup" time="0.001">
    <error message="Cannot invoke &quot;com.SwagLabs.Pages.LoginPage.getAppTitle()&quot; because &quot;this.lp&quot; is null" type="java.lang.NullPointerException">
      <![CDATA[java.lang.NullPointerException: Cannot invoke "com.SwagLabs.Pages.LoginPage.getAppTitle()" because "this.lp" is null
at com.SwagLabs.Utility.Baseclass.pageSetup(Baseclass.java:65)
at java.base/jdk.internal.reflect.DirectMethodHandleAccessor.invoke(DirectMethodHandleAccessor.java:104)
at java.base/java.lang.reflect.Method.invoke(Method.java:578)
at org.testng.internal.invokers.MethodInvocationHelper.invokeMethod(MethodInvocationHelper.java:139)
at org.testng.internal.invokers.MethodInvocationHelper.invokeMethodConsideringTimeout(MethodInvocationHelper.java:69)
at org.testng.internal.invokers.ConfigInvoker.invokeConfigurationMethod(ConfigInvoker.java:390)
at org.testng.internal.invokers.ConfigInvoker.invokeConfigurations(ConfigInvoker.java:325)
at org.testng.internal.invokers.TestMethodWorker.invokeBeforeClassMethods(TestMethodWorker.java:180)
at org.testng.internal.invokers.TestMethodWorker.run(TestMethodWorker.java:122)
at java.base/java.util.ArrayList.forEach(ArrayList.java:1511)
at org.testng.TestRunner.privateRun(TestRunner.java:848)
at org.testng.TestRunner.run(TestRunner.java:621)
at org.testng.SuiteRunner.runTest(SuiteRunner.java:443)
at org.testng.SuiteRunner.runSequentially(SuiteRunner.java:437)
at org.testng.SuiteRunner.privateRun(SuiteRunner.java:397)
at org.testng.SuiteRunner.run(SuiteRunner.java:336)
at org.testng.SuiteRunnerWorker.runSuite(SuiteRunnerWorker.java:52)
at org.testng.SuiteRunnerWorker.run(SuiteRunnerWorker.java:95)
at org.testng.TestNG.runSuitesSequentially(TestNG.java:1280)
at org.testng.TestNG.runSuitesLocally(TestNG.java:1200)
at org.testng.TestNG.runSuites(TestNG.java:1114)
at org.testng.TestNG.run(TestNG.java:1082)
at org.testng.remote.AbstractRemoteTestNG.run(AbstractRemoteTestNG.java:115)
at org.testng.remote.RemoteTestNG.initAndRun(RemoteTestNG.java:251)
at org.testng.remote.RemoteTestNG.main(RemoteTestNG.java:77)
]]>
    </error>
    <system-out>
      <![CDATA[User login process will begin]]>
    </system-out>
  </testcase> <!-- pageSetup -->
  <testcase classname="com.SwagLabs.TestCases.AddToCartPageTest" name="OpenAddToCartPage" time="0.000">
    <skipped/>
  </testcase> <!-- OpenAddToCartPage -->
  <testcase classname="com.SwagLabs.TestCases.AddToCartPageTest" name="verifyCheckoutPage" time="0.000">
    <skipped/>
  </testcase> <!-- verifyCheckoutPage -->
  <system-out>
    <![CDATA[Browser is opening
SwagLabs application is open
User login process will begin
User login is completed
Inventory page Testing started
Add to cart page testing started!
CheckOut process begin
Process is completed!
User login process will begin
User login process will begin
User login process will begin]]>
  </system-out>
</testsuite> <!-- com.SwagLabs.TestCases.AddToCartPageTest -->
